# JRE version: OpenJDK Runtime Environment Microsoft-8035246 (17.0.8+7) (build 17.0.8+7-LTS)
# Java VM: OpenJDK 64-Bit Server VM Microsoft-8035246 (17.0.8+7-LTS, mixed mode, sharing, tiered, compressed oops, compressed class ptrs, g1 gc, windows-amd64)
GC Precious Log:
 CPUs: 4 total, 4 available
 Memory: 8068M
 Large Page Support: Disabled
 NUMA Support: Disabled
 Compressed Oops: Enabled (32-bit)
 Heap Region Size: 1M
 Heap Min Capacity: 8M
 Heap Initial Capacity: 128M
 Heap Max Capacity: 2G
 Pre-touch: Disabled
 Parallel Workers: 4
 Concurrent Workers: 1
 Concurrent Refinement Workers: 4
 Periodic GC: Disabled
Heap:
 garbage-first heap   total 230400K, used 188121K [0x0000000080000000, 0x0000000100000000)
  region size 1024K, 30 young (30720K), 4 survivors (4096K)
 Metaspace       used 98528K, committed 99584K, reserved 557056K
  class space    used 13562K, committed 14080K, reserved 425984K
GC Heap History (20 events):
Event: 50.280 GC heap before
{Heap before GC invocations=44 (full 0):
 garbage-first heap   total 196608K, used 155355K [0x0000000080000000, 0x0000000100000000)
  region size 1024K, 35 young (35840K), 2 survivors (2048K)
 Metaspace       used 87584K, committed 88512K, reserved 557056K
  class space    used 12170K, committed 12608K, reserved 425984K
}
Event: 50.294 GC heap after
{Heap after GC invocations=45 (full 0):
 garbage-first heap   total 196608K, used 126525K [0x0000000080000000, 0x0000000100000000)
  region size 1024K, 5 young (5120K), 5 survivors (5120K)
 Metaspace       used 87584K, committed 88512K, reserved 557056K
  class space    used 12170K, committed 12608K, reserved 425984K
}
Event: 51.975 GC heap before
{Heap before GC invocations=46 (full 0):
 garbage-first heap   total 230400K, used 156221K [0x0000000080000000, 0x0000000100000000)
  region size 1024K, 34 young (34816K), 5 survivors (5120K)
 Metaspace       used 91718K, committed 92672K, reserved 557056K
  class space    used 12761K, committed 13248K, reserved 425984K
}
Event: 51.989 GC heap after
{Heap after GC invocations=47 (full 0):
 garbage-first heap   total 230400K, used 128915K [0x0000000080000000, 0x0000000100000000)
  region size 1024K, 3 young (3072K), 3 survivors (3072K)
 Metaspace       used 91718K, committed 92672K, reserved 557056K
  class space    used 12761K, committed 13248K, reserved 425984K
}
Event: 52.305 GC heap before
{Heap before GC invocations=47 (full 0):
 garbage-first heap   total 230400K, used 137107K [0x0000000080000000, 0x0000000100000000)
  region size 1024K, 11 young (11264K), 3 survivors (3072K)
 Metaspace       used 92191K, committed 93184K, reserved 557056K
  class space    used 12822K, committed 13312K, reserved 425984K
}
Event: 52.315 GC heap after
{Heap after GC invocations=48 (full 0):
 garbage-first heap   total 230400K, used 129840K [0x0000000080000000, 0x0000000100000000)
  region size 1024K, 1 young (1024K), 1 survivors (1024K)
 Metaspace       used 92191K, committed 93184K, reserved 557056K
  class space    used 12822K, committed 13312K, reserved 425984K
}
Event: 55.134 GC heap before
{Heap before GC invocations=48 (full 0):
 garbage-first heap   total 230400K, used 182064K [0x0000000080000000, 0x0000000100000000)
  region size 1024K, 52 young (53248K), 1 survivors (1024K)
 Metaspace       used 94276K, committed 95296K, reserved 557056K
  class space    used 13072K, committed 13568K, reserved 425984K
}
Event: 55.153 GC heap after
{Heap after GC invocations=49 (full 0):
 garbage-first heap   total 230400K, used 136842K [0x0000000080000000, 0x0000000100000000)
  region size 1024K, 7 young (7168K), 7 survivors (7168K)
 Metaspace       used 94276K, committed 95296K, reserved 557056K
  class space    used 13072K, committed 13568K, reserved 425984K
}
Event: 57.278 GC heap before
{Heap before GC invocations=49 (full 0):
 garbage-first heap   total 230400K, used 184970K [0x0000000080000000, 0x0000000100000000)
  region size 1024K, 54 young (55296K), 7 survivors (7168K)
 Metaspace       used 94727K, committed 95744K, reserved 557056K
  class space    used 13107K, committed 13632K, reserved 425984K
}
Event: 57.309 GC heap after
{Heap after GC invocations=50 (full 0):
 garbage-first heap   total 230400K, used 142824K [0x0000000080000000, 0x0000000100000000)
  region size 1024K, 6 young (6144K), 6 survivors (6144K)
 Metaspace       used 94727K, committed 95744K, reserved 557056K
  class space    used 13107K, committed 13632K, reserved 425984K
}
Event: 58.203 GC heap before
{Heap before GC invocations=50 (full 0):
 garbage-first heap   total 230400K, used 187880K [0x0000000080000000, 0x0000000100000000)
  region size 1024K, 50 young (51200K), 6 survivors (6144K)
 Metaspace       used 96958K, committed 97984K, reserved 557056K
  class space    used 13364K, committed 13888K, reserved 425984K
}
Event: 58.219 GC heap after
{Heap after GC invocations=51 (full 0):
 garbage-first heap   total 230400K, used 147271K [0x0000000080000000, 0x0000000100000000)
  region size 1024K, 5 young (5120K), 5 survivors (5120K)
 Metaspace       used 96958K, committed 97984K, reserved 557056K
  class space    used 13364K, committed 13888K, reserved 425984K
}
Event: 59.267 GC heap before
{Heap before GC invocations=51 (full 0):
 garbage-first heap   total 230400K, used 189255K [0x0000000080000000, 0x0000000100000000)
  region size 1024K, 47 young (48128K), 5 survivors (5120K)
 Metaspace       used 97729K, committed 98688K, reserved 557056K
  class space    used 13467K, committed 13952K, reserved 425984K
}
Event: 59.283 GC heap after
{Heap after GC invocations=52 (full 0):
 garbage-first heap   total 230400K, used 149942K [0x0000000080000000, 0x0000000100000000)
  region size 1024K, 3 young (3072K), 3 survivors (3072K)
 Metaspace       used 97729K, committed 98688K, reserved 557056K
  class space    used 13467K, committed 13952K, reserved 425984K
}
Event: 61.122 GC heap before
{Heap before GC invocations=52 (full 0):
 garbage-first heap   total 230400K, used 191926K [0x0000000080000000, 0x0000000100000000)
  region size 1024K, 44 young (45056K), 3 survivors (3072K)
 Metaspace       used 98143K, committed 99136K, reserved 557056K
  class space    used 13533K, committed 14016K, reserved 425984K
}
Event: 61.136 GC heap after
{Heap after GC invocations=53 (full 0):
 garbage-first heap   total 230400K, used 154624K [0x0000000080000000, 0x0000000100000000)
  region size 1024K, 6 young (6144K), 6 survivors (6144K)
 Metaspace       used 98143K, committed 99136K, reserved 557056K
  class space    used 13533K, committed 14016K, reserved 425984K
}
Event: 62.856 GC heap before
{Heap before GC invocations=53 (full 0):
 garbage-first heap   total 230400K, used 192512K [0x0000000080000000, 0x0000000100000000)
  region size 1024K, 44 young (45056K), 6 survivors (6144K)
 Metaspace       used 98427K, committed 99456K, reserved 557056K
  class space    used 13562K, committed 14080K, reserved 425984K
}
Event: 62.876 GC heap after
{Heap after GC invocations=54 (full 0):
 garbage-first heap   total 230400K, used 160009K [0x0000000080000000, 0x0000000100000000)
  region size 1024K, 6 young (6144K), 6 survivors (6144K)
 Metaspace       used 98427K, committed 99456K, reserved 557056K
  class space    used 13562K, committed 14080K, reserved 425984K
}
Event: 63.339 GC heap before
{Heap before GC invocations=54 (full 0):
 garbage-first heap   total 230400K, used 192777K [0x0000000080000000, 0x0000000100000000)
  region size 1024K, 39 young (39936K), 6 survivors (6144K)
 Metaspace       used 98527K, committed 99584K, reserved 557056K
  class space    used 13562K, committed 14080K, reserved 425984K
}
Event: 63.354 GC heap after
{Heap after GC invocations=55 (full 0):
 garbage-first heap   total 230400K, used 163545K [0x0000000080000000, 0x0000000100000000)
  region size 1024K, 4 young (4096K), 4 survivors (4096K)
 Metaspace       used 98527K, committed 99584K, reserved 557056K
  class space    used 13562K, committed 14080K, reserved 425984K
}

