# JRE version: OpenJDK Runtime Environment Microsoft-8035246 (17.0.8+7) (build 17.0.8+7-LTS)
# Java VM: OpenJDK 64-Bit Server VM Microsoft-8035246 (17.0.8+7-LTS, mixed mode, sharing, tiered, compressed oops, compressed class ptrs, g1 gc, windows-amd64)
GC Precious Log:
 CPUs: 4 total, 4 available
 Memory: 8068M
 Large Page Support: Disabled
 NUMA Support: Disabled
 Compressed Oops: Enabled (32-bit)
 Heap Region Size: 1M
 Heap Min Capacity: 8M
 Heap Initial Capacity: 128M
 Heap Max Capacity: 2G
 Pre-touch: Disabled
 Parallel Workers: 4
 Concurrent Workers: 1
 Concurrent Refinement Workers: 4
 Periodic GC: Disabled
Heap:
 garbage-first heap   total 460800K, used 211734K [0x0000000080000000, 0x0000000100000000)
  region size 1024K, 34 young (34816K), 16 survivors (16384K)
 Metaspace       used 105372K, committed 106688K, reserved 557056K
  class space    used 14410K, committed 15040K, reserved 425984K
GC Heap History (20 events):
Event: 66.700 GC heap before
{Heap before GC invocations=37 (full 0):
 garbage-first heap   total 165888K, used 100488K [0x0000000080000000, 0x0000000100000000)
  region size 1024K, 8 young (8192K), 7 survivors (7168K)
 Metaspace       used 80438K, committed 81280K, reserved 557056K
  class space    used 11262K, committed 11648K, reserved 425984K
}
Event: 66.724 GC heap after
{Heap after GC invocations=38 (full 0):
 garbage-first heap   total 165888K, used 100412K [0x0000000080000000, 0x0000000100000000)
  region size 1024K, 1 young (1024K), 1 survivors (1024K)
 Metaspace       used 80438K, committed 81280K, reserved 557056K
  class space    used 11262K, committed 11648K, reserved 425984K
}
Event: 67.394 GC heap before
{Heap before GC invocations=38 (full 0):
 garbage-first heap   total 165888K, used 117820K [0x0000000080000000, 0x0000000100000000)
  region size 1024K, 20 young (20480K), 1 survivors (1024K)
 Metaspace       used 80635K, committed 81472K, reserved 557056K
  class space    used 11268K, committed 11648K, reserved 425984K
}
Event: 67.404 GC heap after
{Heap after GC invocations=39 (full 0):
 garbage-first heap   total 165888K, used 101374K [0x0000000080000000, 0x0000000100000000)
  region size 1024K, 2 young (2048K), 2 survivors (2048K)
 Metaspace       used 80635K, committed 81472K, reserved 557056K
  class space    used 11268K, committed 11648K, reserved 425984K
}
Event: 68.591 GC heap before
{Heap before GC invocations=40 (full 0):
 garbage-first heap   total 199680K, used 138238K [0x0000000080000000, 0x0000000100000000)
  region size 1024K, 33 young (33792K), 2 survivors (2048K)
 Metaspace       used 82528K, committed 83456K, reserved 557056K
  class space    used 11532K, committed 11968K, reserved 425984K
}
Event: 68.609 GC heap after
{Heap after GC invocations=41 (full 0):
 garbage-first heap   total 199680K, used 115903K [0x0000000080000000, 0x0000000100000000)
  region size 1024K, 5 young (5120K), 5 survivors (5120K)
 Metaspace       used 82528K, committed 83456K, reserved 557056K
  class space    used 11532K, committed 11968K, reserved 425984K
}
Event: 68.816 GC heap before
{Heap before GC invocations=41 (full 0):
 garbage-first heap   total 199680K, used 118975K [0x0000000080000000, 0x0000000100000000)
  region size 1024K, 9 young (9216K), 5 survivors (5120K)
 Metaspace       used 82836K, committed 83776K, reserved 557056K
  class space    used 11569K, committed 11968K, reserved 425984K
}
Event: 68.833 GC heap after
{Heap after GC invocations=42 (full 0):
 garbage-first heap   total 199680K, used 116899K [0x0000000080000000, 0x0000000100000000)
  region size 1024K, 1 young (1024K), 1 survivors (1024K)
 Metaspace       used 82836K, committed 83776K, reserved 557056K
  class space    used 11569K, committed 11968K, reserved 425984K
}
Event: 70.967 GC heap before
{Heap before GC invocations=42 (full 0):
 garbage-first heap   total 199680K, used 157859K [0x0000000080000000, 0x0000000100000000)
  region size 1024K, 37 young (37888K), 1 survivors (1024K)
 Metaspace       used 84943K, committed 85952K, reserved 557056K
  class space    used 11847K, committed 12288K, reserved 425984K
}
Event: 70.988 GC heap after
{Heap after GC invocations=43 (full 0):
 garbage-first heap   total 199680K, used 128304K [0x0000000080000000, 0x0000000100000000)
  region size 1024K, 5 young (5120K), 5 survivors (5120K)
 Metaspace       used 84943K, committed 85952K, reserved 557056K
  class space    used 11847K, committed 12288K, reserved 425984K
}
Event: 72.242 GC heap before
{Heap before GC invocations=44 (full 0):
 garbage-first heap   total 230400K, used 158000K [0x0000000080000000, 0x0000000100000000)
  region size 1024K, 34 young (34816K), 5 survivors (5120K)
 Metaspace       used 85614K, committed 86592K, reserved 557056K
  class space    used 11918K, committed 12352K, reserved 425984K
}
Event: 72.266 GC heap after
{Heap after GC invocations=45 (full 0):
 garbage-first heap   total 230400K, used 135086K [0x0000000080000000, 0x0000000100000000)
  region size 1024K, 5 young (5120K), 5 survivors (5120K)
 Metaspace       used 85614K, committed 86592K, reserved 557056K
  class space    used 11918K, committed 12352K, reserved 425984K
}
Event: 72.477 GC heap before
{Heap before GC invocations=45 (full 0):
 garbage-first heap   total 230400K, used 141230K [0x0000000080000000, 0x0000000100000000)
  region size 1024K, 11 young (11264K), 5 survivors (5120K)
 Metaspace       used 86379K, committed 87360K, reserved 557056K
  class space    used 12026K, committed 12480K, reserved 425984K
}
Event: 72.491 GC heap after
{Heap after GC invocations=46 (full 0):
 garbage-first heap   total 460800K, used 135773K [0x0000000080000000, 0x0000000100000000)
  region size 1024K, 2 young (2048K), 2 survivors (2048K)
 Metaspace       used 86379K, committed 87360K, reserved 557056K
  class space    used 12026K, committed 12480K, reserved 425984K
}
Event: 283.357 GC heap before
{Heap before GC invocations=46 (full 0):
 garbage-first heap   total 460800K, used 271965K [0x0000000080000000, 0x0000000100000000)
  region size 1024K, 136 young (139264K), 2 survivors (2048K)
 Metaspace       used 94579K, committed 95744K, reserved 557056K
  class space    used 13039K, committed 13568K, reserved 425984K
}
Event: 283.406 GC heap after
{Heap after GC invocations=47 (full 0):
 garbage-first heap   total 460800K, used 150302K [0x0000000080000000, 0x0000000100000000)
  region size 1024K, 16 young (16384K), 16 survivors (16384K)
 Metaspace       used 94579K, committed 95744K, reserved 557056K
  class space    used 13039K, committed 13568K, reserved 425984K
}
Event: 288.581 GC heap before
{Heap before GC invocations=47 (full 0):
 garbage-first heap   total 460800K, used 328478K [0x0000000080000000, 0x0000000100000000)
  region size 1024K, 190 young (194560K), 16 survivors (16384K)
 Metaspace       used 101901K, committed 103232K, reserved 557056K
  class space    used 14010K, committed 14656K, reserved 425984K
}
Event: 288.653 GC heap after
{Heap after GC invocations=48 (full 0):
 garbage-first heap   total 460800K, used 179101K [0x0000000080000000, 0x0000000100000000)
  region size 1024K, 24 young (24576K), 24 survivors (24576K)
 Metaspace       used 101901K, committed 103232K, reserved 557056K
  class space    used 14010K, committed 14656K, reserved 425984K
}
Event: 292.714 GC heap before
{Heap before GC invocations=48 (full 0):
 garbage-first heap   total 460800K, used 323485K [0x0000000080000000, 0x0000000100000000)
  region size 1024K, 165 young (168960K), 24 survivors (24576K)
 Metaspace       used 105237K, committed 106560K, reserved 557056K
  class space    used 14408K, committed 15040K, reserved 425984K
}
Event: 292.778 GC heap after
{Heap after GC invocations=49 (full 0):
 garbage-first heap   total 460800K, used 195350K [0x0000000080000000, 0x0000000100000000)
  region size 1024K, 16 young (16384K), 16 survivors (16384K)
 Metaspace       used 105237K, committed 106560K, reserved 557056K
  class space    used 14408K, committed 15040K, reserved 425984K
}

