# JRE version: OpenJDK Runtime Environment Microsoft-8035246 (17.0.8+7) (build 17.0.8+7-LTS)
# Java VM: OpenJDK 64-Bit Server VM Microsoft-8035246 (17.0.8+7-LTS, mixed mode, sharing, tiered, compressed oops, compressed class ptrs, g1 gc, windows-amd64)
GC Precious Log:
 CPUs: 4 total, 4 available
 Memory: 8068M
 Large Page Support: Disabled
 NUMA Support: Disabled
 Compressed Oops: Enabled (32-bit)
 Heap Region Size: 1M
 Heap Min Capacity: 8M
 Heap Initial Capacity: 128M
 Heap Max Capacity: 2G
 Pre-touch: Disabled
 Parallel Workers: 4
 Concurrent Workers: 1
 Concurrent Refinement Workers: 4
 Periodic GC: Disabled
Heap:
 garbage-first heap   total 376832K, used 184320K [0x0000000080000000, 0x0000000100000000)
  region size 1024K, 18 young (18432K), 13 survivors (13312K)
 Metaspace       used 99022K, committed 100160K, reserved 557056K
  class space    used 13651K, committed 14208K, reserved 425984K
GC Heap History (20 events):
Event: 21.264 GC heap before
{Heap before GC invocations=26 (full 0):
 garbage-first heap   total 147456K, used 76251K [0x0000000080000000, 0x0000000100000000)
  region size 1024K, 7 young (7168K), 5 survivors (5120K)
 Metaspace       used 72097K, committed 72768K, reserved 491520K
  class space    used 9914K, committed 10240K, reserved 425984K
}
Event: 21.271 GC heap after
{Heap after GC invocations=27 (full 0):
 garbage-first heap   total 177152K, used 74479K [0x0000000080000000, 0x0000000100000000)
  region size 1024K, 1 young (1024K), 1 survivors (1024K)
 Metaspace       used 72097K, committed 72768K, reserved 491520K
  class space    used 9914K, committed 10240K, reserved 425984K
}
Event: 26.387 GC heap before
{Heap before GC invocations=27 (full 0):
 garbage-first heap   total 177152K, used 133871K [0x0000000080000000, 0x0000000100000000)
  region size 1024K, 59 young (60416K), 1 survivors (1024K)
 Metaspace       used 77743K, committed 78464K, reserved 557056K
  class space    used 10870K, committed 11200K, reserved 425984K
}
Event: 26.397 GC heap after
{Heap after GC invocations=28 (full 0):
 garbage-first heap   total 177152K, used 78639K [0x0000000080000000, 0x0000000100000000)
  region size 1024K, 5 young (5120K), 5 survivors (5120K)
 Metaspace       used 77743K, committed 78464K, reserved 557056K
  class space    used 10870K, committed 11200K, reserved 425984K
}
Event: 27.346 GC heap before
{Heap before GC invocations=28 (full 0):
 garbage-first heap   total 177152K, used 143151K [0x0000000080000000, 0x0000000100000000)
  region size 1024K, 62 young (63488K), 5 survivors (5120K)
 Metaspace       used 79857K, committed 80640K, reserved 557056K
  class space    used 11220K, committed 11584K, reserved 425984K
}
Event: 27.363 GC heap after
{Heap after GC invocations=29 (full 0):
 garbage-first heap   total 177152K, used 93324K [0x0000000080000000, 0x0000000100000000)
  region size 1024K, 8 young (8192K), 8 survivors (8192K)
 Metaspace       used 79857K, committed 80640K, reserved 557056K
  class space    used 11220K, committed 11584K, reserved 425984K
}
Event: 28.121 GC heap before
{Heap before GC invocations=29 (full 0):
 garbage-first heap   total 177152K, used 125068K [0x0000000080000000, 0x0000000100000000)
  region size 1024K, 41 young (41984K), 8 survivors (8192K)
 Metaspace       used 80380K, committed 81216K, reserved 557056K
  class space    used 11248K, committed 11648K, reserved 425984K
}
Event: 28.135 GC heap after
{Heap after GC invocations=30 (full 0):
 garbage-first heap   total 177152K, used 98542K [0x0000000080000000, 0x0000000100000000)
  region size 1024K, 5 young (5120K), 5 survivors (5120K)
 Metaspace       used 80380K, committed 81216K, reserved 557056K
  class space    used 11248K, committed 11648K, reserved 425984K
}
Event: 29.030 GC heap before
{Heap before GC invocations=31 (full 0):
 garbage-first heap   total 188416K, used 144622K [0x0000000080000000, 0x0000000100000000)
  region size 1024K, 45 young (46080K), 5 survivors (5120K)
 Metaspace       used 82899K, committed 83712K, reserved 557056K
  class space    used 11591K, committed 11968K, reserved 425984K
}
Event: 29.049 GC heap after
{Heap after GC invocations=32 (full 0):
 garbage-first heap   total 188416K, used 114310K [0x0000000080000000, 0x0000000100000000)
  region size 1024K, 6 young (6144K), 6 survivors (6144K)
 Metaspace       used 82899K, committed 83712K, reserved 557056K
  class space    used 11591K, committed 11968K, reserved 425984K
}
Event: 29.104 GC heap before
{Heap before GC invocations=32 (full 0):
 garbage-first heap   total 188416K, used 117382K [0x0000000080000000, 0x0000000100000000)
  region size 1024K, 9 young (9216K), 6 survivors (6144K)
 Metaspace       used 82964K, committed 83776K, reserved 557056K
  class space    used 11599K, committed 11968K, reserved 425984K
}
Event: 29.113 GC heap after
{Heap after GC invocations=33 (full 0):
 garbage-first heap   total 188416K, used 115387K [0x0000000080000000, 0x0000000100000000)
  region size 1024K, 2 young (2048K), 2 survivors (2048K)
 Metaspace       used 82964K, committed 83776K, reserved 557056K
  class space    used 11599K, committed 11968K, reserved 425984K
}
Event: 29.383 GC heap before
{Heap before GC invocations=33 (full 0):
 garbage-first heap   total 188416K, used 127675K [0x0000000080000000, 0x0000000100000000)
  region size 1024K, 15 young (15360K), 2 survivors (2048K)
 Metaspace       used 83222K, committed 84096K, reserved 557056K
  class space    used 11630K, committed 12032K, reserved 425984K
}
Event: 29.394 GC heap after
{Heap after GC invocations=34 (full 0):
 garbage-first heap   total 376832K, used 118063K [0x0000000080000000, 0x0000000100000000)
  region size 1024K, 4 young (4096K), 4 survivors (4096K)
 Metaspace       used 83222K, committed 84096K, reserved 557056K
  class space    used 11630K, committed 12032K, reserved 425984K
}
Event: 32.169 GC heap before
{Heap before GC invocations=34 (full 0):
 garbage-first heap   total 376832K, used 234799K [0x0000000080000000, 0x0000000100000000)
  region size 1024K, 114 young (116736K), 4 survivors (4096K)
 Metaspace       used 92172K, committed 93120K, reserved 557056K
  class space    used 12829K, committed 13312K, reserved 425984K
}
Event: 32.222 GC heap after
{Heap after GC invocations=35 (full 0):
 garbage-first heap   total 376832K, used 139604K [0x0000000080000000, 0x0000000100000000)
  region size 1024K, 15 young (15360K), 15 survivors (15360K)
 Metaspace       used 92172K, committed 93120K, reserved 557056K
  class space    used 12829K, committed 13312K, reserved 425984K
}
Event: 34.232 GC heap before
{Heap before GC invocations=35 (full 0):
 garbage-first heap   total 376832K, used 255316K [0x0000000080000000, 0x0000000100000000)
  region size 1024K, 128 young (131072K), 15 survivors (15360K)
 Metaspace       used 95159K, committed 96256K, reserved 557056K
  class space    used 13170K, committed 13696K, reserved 425984K
}
Event: 34.280 GC heap after
{Heap after GC invocations=36 (full 0):
 garbage-first heap   total 376832K, used 155419K [0x0000000080000000, 0x0000000100000000)
  region size 1024K, 15 young (15360K), 15 survivors (15360K)
 Metaspace       used 95159K, committed 96256K, reserved 557056K
  class space    used 13170K, committed 13696K, reserved 425984K
}
Event: 36.442 GC heap before
{Heap before GC invocations=36 (full 0):
 garbage-first heap   total 376832K, used 270107K [0x0000000080000000, 0x0000000100000000)
  region size 1024K, 128 young (131072K), 15 survivors (15360K)
 Metaspace       used 98741K, committed 99904K, reserved 557056K
  class space    used 13623K, committed 14208K, reserved 425984K
}
Event: 36.487 GC heap after
{Heap after GC invocations=37 (full 0):
 garbage-first heap   total 376832K, used 166346K [0x0000000080000000, 0x0000000100000000)
  region size 1024K, 11 young (11264K), 11 survivors (11264K)
 Metaspace       used 98741K, committed 99904K, reserved 557056K
  class space    used 13623K, committed 14208K, reserved 425984K
}

