# JRE version: OpenJDK Runtime Environment Microsoft-8035246 (17.0.8+7) (build 17.0.8+7-LTS)
# Java VM: OpenJDK 64-Bit Server VM Microsoft-8035246 (17.0.8+7-LTS, mixed mode, sharing, tiered, compressed oops, compressed class ptrs, g1 gc, windows-amd64)
GC Precious Log:
 CPUs: 4 total, 4 available
 Memory: 8068M
 Large Page Support: Disabled
 NUMA Support: Disabled
 Compressed Oops: Enabled (32-bit)
 Heap Region Size: 1M
 Heap Min Capacity: 8M
 Heap Initial Capacity: 128M
 Heap Max Capacity: 2G
 Pre-touch: Disabled
 Parallel Workers: 4
 Concurrent Workers: 1
 Concurrent Refinement Workers: 4
 Periodic GC: Disabled
Heap:
 garbage-first heap   total 295936K, used 199235K [0x0000000080000000, 0x0000000100000000)
  region size 1024K, 21 young (21504K), 5 survivors (5120K)
 Metaspace       used 99198K, committed 100352K, reserved 557056K
  class space    used 13667K, committed 14208K, reserved 425984K
GC Heap History (20 events):
Event: 39.163 GC heap before
{Heap before GC invocations=49 (full 0):
 garbage-first heap   total 227328K, used 156388K [0x0000000080000000, 0x0000000100000000)
  region size 1024K, 36 young (36864K), 4 survivors (4096K)
 Metaspace       used 85431K, committed 86336K, reserved 557056K
  class space    used 11910K, committed 12352K, reserved 425984K
}
Event: 39.175 GC heap after
{Heap after GC invocations=50 (full 0):
 garbage-first heap   total 227328K, used 129262K [0x0000000080000000, 0x0000000100000000)
  region size 1024K, 5 young (5120K), 5 survivors (5120K)
 Metaspace       used 85431K, committed 86336K, reserved 557056K
  class space    used 11910K, committed 12352K, reserved 425984K
}
Event: 39.268 GC heap before
{Heap before GC invocations=50 (full 0):
 garbage-first heap   total 227328K, used 134382K [0x0000000080000000, 0x0000000100000000)
  region size 1024K, 11 young (11264K), 5 survivors (5120K)
 Metaspace       used 85442K, committed 86336K, reserved 557056K
  class space    used 11910K, committed 12352K, reserved 425984K
}
Event: 39.275 GC heap after
{Heap after GC invocations=51 (full 0):
 garbage-first heap   total 227328K, used 129171K [0x0000000080000000, 0x0000000100000000)
  region size 1024K, 1 young (1024K), 1 survivors (1024K)
 Metaspace       used 85442K, committed 86336K, reserved 557056K
  class space    used 11910K, committed 12352K, reserved 425984K
}
Event: 40.322 GC heap before
{Heap before GC invocations=51 (full 0):
 garbage-first heap   total 227328K, used 172179K [0x0000000080000000, 0x0000000100000000)
  region size 1024K, 43 young (44032K), 1 survivors (1024K)
 Metaspace       used 87981K, committed 88960K, reserved 557056K
  class space    used 12239K, committed 12672K, reserved 425984K
}
Event: 40.335 GC heap after
{Heap after GC invocations=52 (full 0):
 garbage-first heap   total 295936K, used 140030K [0x0000000080000000, 0x0000000100000000)
  region size 1024K, 6 young (6144K), 6 survivors (6144K)
 Metaspace       used 87981K, committed 88960K, reserved 557056K
  class space    used 12239K, committed 12672K, reserved 425984K
}
Event: 42.012 GC heap before
{Heap before GC invocations=53 (full 0):
 garbage-first heap   total 295936K, used 208638K [0x0000000080000000, 0x0000000100000000)
  region size 1024K, 73 young (74752K), 6 survivors (6144K)
 Metaspace       used 94162K, committed 95168K, reserved 557056K
  class space    used 13093K, committed 13568K, reserved 425984K
}
Event: 42.033 GC heap after
{Heap after GC invocations=54 (full 0):
 garbage-first heap   total 295936K, used 147145K [0x0000000080000000, 0x0000000100000000)
  region size 1024K, 7 young (7168K), 7 survivors (7168K)
 Metaspace       used 94162K, committed 95168K, reserved 557056K
  class space    used 13093K, committed 13568K, reserved 425984K
}
Event: 42.220 GC heap before
{Heap before GC invocations=54 (full 0):
 garbage-first heap   total 295936K, used 154313K [0x0000000080000000, 0x0000000100000000)
  region size 1024K, 14 young (14336K), 7 survivors (7168K)
 Metaspace       used 94258K, committed 95296K, reserved 557056K
  class space    used 13097K, committed 13632K, reserved 425984K
}
Event: 42.238 GC heap after
{Heap after GC invocations=55 (full 0):
 garbage-first heap   total 295936K, used 149436K [0x0000000080000000, 0x0000000100000000)
  region size 1024K, 2 young (2048K), 2 survivors (2048K)
 Metaspace       used 94258K, committed 95296K, reserved 557056K
  class space    used 13097K, committed 13632K, reserved 425984K
}
Event: 43.603 GC heap before
{Heap before GC invocations=55 (full 0):
 garbage-first heap   total 295936K, used 217020K [0x0000000080000000, 0x0000000100000000)
  region size 1024K, 68 young (69632K), 2 survivors (2048K)
 Metaspace       used 95071K, committed 96064K, reserved 557056K
  class space    used 13166K, committed 13632K, reserved 425984K
}
Event: 43.625 GC heap after
{Heap after GC invocations=56 (full 0):
 garbage-first heap   total 295936K, used 158322K [0x0000000080000000, 0x0000000100000000)
  region size 1024K, 9 young (9216K), 9 survivors (9216K)
 Metaspace       used 95071K, committed 96064K, reserved 557056K
  class space    used 13166K, committed 13632K, reserved 425984K
}
Event: 44.479 GC heap before
{Heap before GC invocations=56 (full 0):
 garbage-first heap   total 295936K, used 223858K [0x0000000080000000, 0x0000000100000000)
  region size 1024K, 73 young (74752K), 9 survivors (9216K)
 Metaspace       used 97636K, committed 98688K, reserved 557056K
  class space    used 13459K, committed 13952K, reserved 425984K
}
Event: 44.504 GC heap after
{Heap after GC invocations=57 (full 0):
 garbage-first heap   total 295936K, used 166524K [0x0000000080000000, 0x0000000100000000)
  region size 1024K, 8 young (8192K), 8 survivors (8192K)
 Metaspace       used 97636K, committed 98688K, reserved 557056K
  class space    used 13459K, committed 13952K, reserved 425984K
}
Event: 45.672 GC heap before
{Heap before GC invocations=57 (full 0):
 garbage-first heap   total 295936K, used 228987K [0x0000000080000000, 0x0000000100000000)
  region size 1024K, 70 young (71680K), 8 survivors (8192K)
 Metaspace       used 98751K, committed 99840K, reserved 557056K
  class space    used 13635K, committed 14144K, reserved 425984K
}
Event: 45.693 GC heap after
{Heap after GC invocations=58 (full 0):
 garbage-first heap   total 295936K, used 170715K [0x0000000080000000, 0x0000000100000000)
  region size 1024K, 5 young (5120K), 5 survivors (5120K)
 Metaspace       used 98751K, committed 99840K, reserved 557056K
  class space    used 13635K, committed 14144K, reserved 425984K
}
Event: 48.254 GC heap before
{Heap before GC invocations=58 (full 0):
 garbage-first heap   total 295936K, used 234203K [0x0000000080000000, 0x0000000100000000)
  region size 1024K, 68 young (69632K), 5 survivors (5120K)
 Metaspace       used 99071K, committed 100224K, reserved 557056K
  class space    used 13665K, committed 14208K, reserved 425984K
}
Event: 48.282 GC heap after
{Heap after GC invocations=59 (full 0):
 garbage-first heap   total 295936K, used 178536K [0x0000000080000000, 0x0000000100000000)
  region size 1024K, 9 young (9216K), 9 survivors (9216K)
 Metaspace       used 99071K, committed 100224K, reserved 557056K
  class space    used 13665K, committed 14208K, reserved 425984K
}
Event: 49.290 GC heap before
{Heap before GC invocations=59 (full 0):
 garbage-first heap   total 295936K, used 237928K [0x0000000080000000, 0x0000000100000000)
  region size 1024K, 68 young (69632K), 9 survivors (9216K)
 Metaspace       used 99196K, committed 100352K, reserved 557056K
  class space    used 13666K, committed 14208K, reserved 425984K
}
Event: 49.312 GC heap after
{Heap after GC invocations=60 (full 0):
 garbage-first heap   total 295936K, used 183875K [0x0000000080000000, 0x0000000100000000)
  region size 1024K, 5 young (5120K), 5 survivors (5120K)
 Metaspace       used 99196K, committed 100352K, reserved 557056K
  class space    used 13666K, committed 14208K, reserved 425984K
}

